<?xml version="1.0" encoding="UTF-8"?>
<testsuite xmlns:xsi="http://www.w3.org/2001/XMLSchema-instance" xsi:noNamespaceSchemaLocation="https://maven.apache.org/surefire/maven-surefire-plugin/xsd/surefire-test-report-3.0.xsd" version="3.0" name="fr.istic.vv.StringUtilsTest" time="0.072" tests="35" errors="0" skipped="0" failures="0">
  <properties>
    <property name="awt.toolkit" value="sun.awt.X11.XToolkit"/>
    <property name="java.specification.version" value="11"/>
    <property name="sun.cpu.isalist" value=""/>
    <property name="sun.jnu.encoding" value="UTF-8"/>
    <property name="java.class.path" value="/home/liam/Master/VV/VV-ISTIC-TP3/code/tp3-balanced-strings/target/test-classes:/home/liam/Master/VV/VV-ISTIC-TP3/code/tp3-balanced-strings/target/classes:/home/liam/.m2/repository/org/junit/jupiter/junit-jupiter/5.6.2/junit-jupiter-5.6.2.jar:/home/liam/.m2/repository/org/junit/jupiter/junit-jupiter-api/5.6.2/junit-jupiter-api-5.6.2.jar:/home/liam/.m2/repository/org/apiguardian/apiguardian-api/1.1.0/apiguardian-api-1.1.0.jar:/home/liam/.m2/repository/org/opentest4j/opentest4j/1.2.0/opentest4j-1.2.0.jar:/home/liam/.m2/repository/org/junit/platform/junit-platform-commons/1.6.2/junit-platform-commons-1.6.2.jar:/home/liam/.m2/repository/org/junit/jupiter/junit-jupiter-params/5.6.2/junit-jupiter-params-5.6.2.jar:/home/liam/.m2/repository/org/junit/jupiter/junit-jupiter-engine/5.6.2/junit-jupiter-engine-5.6.2.jar:/home/liam/.m2/repository/org/junit/platform/junit-platform-engine/1.6.2/junit-platform-engine-1.6.2.jar:/home/liam/.m2/repository/junit/junit/4.13.2/junit-4.13.2.jar:/home/liam/.m2/repository/org/hamcrest/hamcrest-core/1.3/hamcrest-core-1.3.jar:"/>
    <property name="java.vm.vendor" value="Ubuntu"/>
    <property name="sun.arch.data.model" value="64"/>
    <property name="java.vendor.url" value="https://ubuntu.com/"/>
    <property name="user.timezone" value=""/>
    <property name="java.vm.specification.version" value="11"/>
    <property name="os.name" value="Linux"/>
    <property name="sun.java.launcher" value="SUN_STANDARD"/>
    <property name="sun.boot.library.path" value="/usr/lib/jvm/java-11-openjdk-amd64/lib"/>
    <property name="sun.java.command" value="/home/liam/Master/VV/VV-ISTIC-TP3/code/tp3-balanced-strings/target/surefire/surefirebooter-20241210134522146_3.jar /home/liam/Master/VV/VV-ISTIC-TP3/code/tp3-balanced-strings/target/surefire 2024-12-10T13-45-21_383-jvmRun1 surefire-20241210134522146_1tmp surefire_0-20241210134522146_2tmp"/>
    <property name="jdk.debug" value="release"/>
    <property name="surefire.test.class.path" value="/home/liam/Master/VV/VV-ISTIC-TP3/code/tp3-balanced-strings/target/test-classes:/home/liam/Master/VV/VV-ISTIC-TP3/code/tp3-balanced-strings/target/classes:/home/liam/.m2/repository/org/junit/jupiter/junit-jupiter/5.6.2/junit-jupiter-5.6.2.jar:/home/liam/.m2/repository/org/junit/jupiter/junit-jupiter-api/5.6.2/junit-jupiter-api-5.6.2.jar:/home/liam/.m2/repository/org/apiguardian/apiguardian-api/1.1.0/apiguardian-api-1.1.0.jar:/home/liam/.m2/repository/org/opentest4j/opentest4j/1.2.0/opentest4j-1.2.0.jar:/home/liam/.m2/repository/org/junit/platform/junit-platform-commons/1.6.2/junit-platform-commons-1.6.2.jar:/home/liam/.m2/repository/org/junit/jupiter/junit-jupiter-params/5.6.2/junit-jupiter-params-5.6.2.jar:/home/liam/.m2/repository/org/junit/jupiter/junit-jupiter-engine/5.6.2/junit-jupiter-engine-5.6.2.jar:/home/liam/.m2/repository/org/junit/platform/junit-platform-engine/1.6.2/junit-platform-engine-1.6.2.jar:/home/liam/.m2/repository/junit/junit/4.13.2/junit-4.13.2.jar:/home/liam/.m2/repository/org/hamcrest/hamcrest-core/1.3/hamcrest-core-1.3.jar:"/>
    <property name="sun.cpu.endian" value="little"/>
    <property name="user.home" value="/home/liam"/>
    <property name="user.language" value="en"/>
    <property name="java.specification.vendor" value="Oracle Corporation"/>
    <property name="java.version.date" value="2024-10-15"/>
    <property name="java.home" value="/usr/lib/jvm/java-11-openjdk-amd64"/>
    <property name="file.separator" value="/"/>
    <property name="basedir" value="/home/liam/Master/VV/VV-ISTIC-TP3/code/tp3-balanced-strings"/>
    <property name="java.vm.compressedOopsMode" value="32-bit"/>
    <property name="line.separator" value="&#10;"/>
    <property name="java.specification.name" value="Java Platform API Specification"/>
    <property name="java.vm.specification.vendor" value="Oracle Corporation"/>
    <property name="java.awt.graphicsenv" value="sun.awt.X11GraphicsEnvironment"/>
    <property name="surefire.real.class.path" value="/home/liam/Master/VV/VV-ISTIC-TP3/code/tp3-balanced-strings/target/surefire/surefirebooter-20241210134522146_3.jar"/>
    <property name="sun.management.compiler" value="HotSpot 64-Bit Tiered Compilers"/>
    <property name="java.runtime.version" value="11.0.25+9-post-Ubuntu-1ubuntu122.04"/>
    <property name="user.name" value="liam"/>
    <property name="path.separator" value=":"/>
    <property name="os.version" value="5.15.167.4-microsoft-standard-WSL2"/>
    <property name="java.runtime.name" value="OpenJDK Runtime Environment"/>
    <property name="file.encoding" value="UTF-8"/>
    <property name="java.vm.name" value="OpenJDK 64-Bit Server VM"/>
    <property name="localRepository" value="/home/liam/.m2/repository"/>
    <property name="java.vendor.url.bug" value="https://bugs.launchpad.net/ubuntu/+source/openjdk-lts"/>
    <property name="java.io.tmpdir" value="/tmp"/>
    <property name="java.version" value="11.0.25"/>
    <property name="user.dir" value="/home/liam/Master/VV/VV-ISTIC-TP3/code/tp3-balanced-strings"/>
    <property name="os.arch" value="amd64"/>
    <property name="java.vm.specification.name" value="Java Virtual Machine Specification"/>
    <property name="java.awt.printerjob" value="sun.print.PSPrinterJob"/>
    <property name="sun.os.patch.level" value="unknown"/>
    <property name="java.library.path" value="/usr/java/packages/lib:/usr/lib/x86_64-linux-gnu/jni:/lib/x86_64-linux-gnu:/usr/lib/x86_64-linux-gnu:/usr/lib/jni:/lib:/usr/lib"/>
    <property name="java.vm.info" value="mixed mode, sharing"/>
    <property name="java.vendor" value="Ubuntu"/>
    <property name="java.vm.version" value="11.0.25+9-post-Ubuntu-1ubuntu122.04"/>
    <property name="java.specification.maintenance.version" value="3"/>
    <property name="sun.io.unicode.encoding" value="UnicodeLittle"/>
    <property name="java.class.version" value="55.0"/>
  </properties>
  <testcase name="testOpenBracketsNotEmptyNotMatchingPair" classname="fr.istic.vv.StringUtilsTest" time="0.02"/>
  <testcase name="testNestedUnbalancedBraces" classname="fr.istic.vv.StringUtilsTest" time="0.0"/>
  <testcase name="testMediumBalancedWithNonRelevantChars" classname="fr.istic.vv.StringUtilsTest" time="0.001"/>
  <testcase name="testLongUnbalancedWithNonRelevantChars" classname="fr.istic.vv.StringUtilsTest" time="0.001"/>
  <testcase name="testNestedUnbalancedBrackets" classname="fr.istic.vv.StringUtilsTest" time="0.001"/>
  <testcase name="testSingleOpenBrace" classname="fr.istic.vv.StringUtilsTest" time="0.0"/>
  <testcase name="testMixedUnbalancedBrackets" classname="fr.istic.vv.StringUtilsTest" time="0.0"/>
  <testcase name="testMediumUnbalancedMixed" classname="fr.istic.vv.StringUtilsTest" time="0.0"/>
  <testcase name="testLongUnbalancedComplex" classname="fr.istic.vv.StringUtilsTest" time="0.0"/>
  <testcase name="testMediumUnbalancedComplex" classname="fr.istic.vv.StringUtilsTest" time="0.001"/>
  <testcase name="testBalancedWithNonBracketCharacters" classname="fr.istic.vv.StringUtilsTest" time="0.001"/>
  <testcase name="testShortBalancedBraces" classname="fr.istic.vv.StringUtilsTest" time="0.001"/>
  <testcase name="testSingleOpenBracket" classname="fr.istic.vv.StringUtilsTest" time="0.001"/>
  <testcase name="testSingleOpenParentheses" classname="fr.istic.vv.StringUtilsTest" time="0.001"/>
  <testcase name="testMediumUnbalancedWithNonRelevantChars" classname="fr.istic.vv.StringUtilsTest" time="0.0"/>
  <testcase name="testShortBalancedParentheses" classname="fr.istic.vv.StringUtilsTest" time="0.001"/>
  <testcase name="testMixedBalancedBrackets" classname="fr.istic.vv.StringUtilsTest" time="0.001"/>
  <testcase name="testSingleCloseBrace" classname="fr.istic.vv.StringUtilsTest" time="0.0"/>
  <testcase name="testNestedBalancedBraces" classname="fr.istic.vv.StringUtilsTest" time="0.0"/>
  <testcase name="testShortUnbalancedBrackets" classname="fr.istic.vv.StringUtilsTest" time="0.001"/>
  <testcase name="testUnbalancedWithNonBracketCharacters" classname="fr.istic.vv.StringUtilsTest" time="0.001"/>
  <testcase name="testMediumNotEqualStack" classname="fr.istic.vv.StringUtilsTest" time="0.001"/>
  <testcase name="testMediumBalancedComplex" classname="fr.istic.vv.StringUtilsTest" time="0.001"/>
  <testcase name="testShortBalancedBrackets" classname="fr.istic.vv.StringUtilsTest" time="0.001"/>
  <testcase name="testNestedUnbalancedParentheses" classname="fr.istic.vv.StringUtilsTest" time="0.0"/>
  <testcase name="testEmptyString" classname="fr.istic.vv.StringUtilsTest" time="0.0"/>
  <testcase name="testNestedBalancedBrackets" classname="fr.istic.vv.StringUtilsTest" time="0.002"/>
  <testcase name="testMediumBalancedMixed" classname="fr.istic.vv.StringUtilsTest" time="0.001"/>
  <testcase name="testSingleCloseBracket" classname="fr.istic.vv.StringUtilsTest" time="0.001"/>
  <testcase name="testLongBalancedWithNonRelevantChars" classname="fr.istic.vv.StringUtilsTest" time="0.001"/>
  <testcase name="testSingleCloseParentheses" classname="fr.istic.vv.StringUtilsTest" time="0.001"/>
  <testcase name="testLongBalancedComplex" classname="fr.istic.vv.StringUtilsTest" time="0.001"/>
  <testcase name="testShortUnbalancedParentheses" classname="fr.istic.vv.StringUtilsTest" time="0.0"/>
  <testcase name="testNestedBalancedParentheses" classname="fr.istic.vv.StringUtilsTest" time="0.0"/>
  <testcase name="testShortUnbalancedBraces" classname="fr.istic.vv.StringUtilsTest" time="0.001"/>
</testsuite>